<?xml version="1.0" encoding="UTF-8"?>
<!-- Generated by org.testng.reporters.JUnitReportReporter -->
<testsuite hostname="Manoj" failures="0" tests="1" name="testcases.TC_002_LoginTest" time="3.605" errors="0" timestamp="2025-06-09T12:43:42 IST" skipped="0">
  <testcase classname="testcases.TC_002_LoginTest" name="verifylogin" time="3.605"/>
</testsuite> <!-- testcases.TC_002_LoginTest -->
