<?xml version="1.0" encoding="UTF-8"?>
<!-- Generated by org.testng.reporters.JUnitReportReporter -->
<testsuite hostname="Manoj" failures="0" tests="1" name="testcases.TC_001_AccountRegistrationTest" time="5.719" errors="0" timestamp="2025-06-09T12:36:24 IST" skipped="0">
  <testcase classname="testcases.TC_001_AccountRegistrationTest" name="verify_account" time="5.719"/>
</testsuite> <!-- testcases.TC_001_AccountRegistrationTest -->
