<?xml version="1.0" encoding="UTF-8"?>
<!-- Generated by org.testng.reporters.JUnitReportReporter -->
<testsuite hostname="Manoj" failures="0" tests="1" name="testcases.TC_002_LoginTest" time="1.477" errors="0" timestamp="2025-06-10T11:42:45 IST" skipped="0">
  <testcase classname="testcases.TC_002_LoginTest" name="verifylogin" time="1.477"/>
</testsuite> <!-- testcases.TC_002_LoginTest -->
